[     413ms] [INFO] %cDownload the React DevTools for a better development experience: https://react.dev/link/react-devtools font-weight:bold @ webpack-internal:///(app-pages-browser)/./node_modules/.pnpm/next@15.5.18_react-dom@19.2.6_react@19.2.6__react@19.2.6/node_modules/next/dist/compiled/react-dom/cjs/react-dom-client.development.js:25630
[  277447ms] [INFO] Launched external handler for 'mailto:hi@kicksnare.studio?subject=Free%20audit%20request'. @ http://localhost:3000/case-studies/evoltage:0
[  278411ms] [INFO] Launched external handler for 'mailto:hi@kicksnare.studio?subject=Free%20audit%20request'. @ http://localhost:3000/case-studies/evoltage:0
[ 4232740ms] [LOG] [Fast Refresh] rebuilding @ webpack-internal:///(app-pages-browser)/./node_modules/.pnpm/next@15.5.18_react-dom@19.2.6_react@19.2.6__react@19.2.6/node_modules/next/dist/client/dev/hot-reloader/app/hot-reloader-app.js:196
[ 4233178ms] [LOG] [Fast Refresh] done in 438ms @ webpack-internal:///(app-pages-browser)/./node_modules/.pnpm/next@15.5.18_react-dom@19.2.6_react@19.2.6__react@19.2.6/node_modules/next/dist/client/dev/report-hmr-latency.js:13
[ 4248495ms] [LOG] [Fast Refresh] rebuilding @ webpack-internal:///(app-pages-browser)/./node_modules/.pnpm/next@15.5.18_react-dom@19.2.6_react@19.2.6__react@19.2.6/node_modules/next/dist/client/dev/hot-reloader/app/hot-reloader-app.js:196
[ 4248883ms] [LOG] [Fast Refresh] done in 388ms @ webpack-internal:///(app-pages-browser)/./node_modules/.pnpm/next@15.5.18_react-dom@19.2.6_react@19.2.6__react@19.2.6/node_modules/next/dist/client/dev/report-hmr-latency.js:13
[ 4284021ms] [LOG] [Fast Refresh] rebuilding @ webpack-internal:///(app-pages-browser)/./node_modules/.pnpm/next@15.5.18_react-dom@19.2.6_react@19.2.6__react@19.2.6/node_modules/next/dist/client/dev/hot-reloader/app/hot-reloader-app.js:196
[ 4284374ms] [LOG] [Fast Refresh] done in 352ms @ webpack-internal:///(app-pages-browser)/./node_modules/.pnpm/next@15.5.18_react-dom@19.2.6_react@19.2.6__react@19.2.6/node_modules/next/dist/client/dev/report-hmr-latency.js:13
[ 4296048ms] [LOG] [Fast Refresh] rebuilding @ webpack-internal:///(app-pages-browser)/./node_modules/.pnpm/next@15.5.18_react-dom@19.2.6_react@19.2.6__react@19.2.6/node_modules/next/dist/client/dev/hot-reloader/app/hot-reloader-app.js:196
[ 4296317ms] [LOG] [Fast Refresh] done in 270ms @ webpack-internal:///(app-pages-browser)/./node_modules/.pnpm/next@15.5.18_react-dom@19.2.6_react@19.2.6__react@19.2.6/node_modules/next/dist/client/dev/report-hmr-latency.js:13
[ 4310718ms] [LOG] [Fast Refresh] rebuilding @ webpack-internal:///(app-pages-browser)/./node_modules/.pnpm/next@15.5.18_react-dom@19.2.6_react@19.2.6__react@19.2.6/node_modules/next/dist/client/dev/hot-reloader/app/hot-reloader-app.js:196
[ 4311256ms] [LOG] [Fast Refresh] done in 538ms @ webpack-internal:///(app-pages-browser)/./node_modules/.pnpm/next@15.5.18_react-dom@19.2.6_react@19.2.6__react@19.2.6/node_modules/next/dist/client/dev/report-hmr-latency.js:13
[ 4318045ms] [LOG] [Fast Refresh] rebuilding @ webpack-internal:///(app-pages-browser)/./node_modules/.pnpm/next@15.5.18_react-dom@19.2.6_react@19.2.6__react@19.2.6/node_modules/next/dist/client/dev/hot-reloader/app/hot-reloader-app.js:196
[ 4318539ms] [LOG] [Fast Refresh] done in 495ms @ webpack-internal:///(app-pages-browser)/./node_modules/.pnpm/next@15.5.18_react-dom@19.2.6_react@19.2.6__react@19.2.6/node_modules/next/dist/client/dev/report-hmr-latency.js:13
[ 4325075ms] [LOG] [Fast Refresh] rebuilding @ webpack-internal:///(app-pages-browser)/./node_modules/.pnpm/next@15.5.18_react-dom@19.2.6_react@19.2.6__react@19.2.6/node_modules/next/dist/client/dev/hot-reloader/app/hot-reloader-app.js:196
[ 4325598ms] [LOG] [Fast Refresh] done in 523ms @ webpack-internal:///(app-pages-browser)/./node_modules/.pnpm/next@15.5.18_react-dom@19.2.6_react@19.2.6__react@19.2.6/node_modules/next/dist/client/dev/report-hmr-latency.js:13
[ 4332431ms] [LOG] [Fast Refresh] rebuilding @ webpack-internal:///(app-pages-browser)/./node_modules/.pnpm/next@15.5.18_react-dom@19.2.6_react@19.2.6__react@19.2.6/node_modules/next/dist/client/dev/hot-reloader/app/hot-reloader-app.js:196
[ 4332785ms] [LOG] [Fast Refresh] done in 355ms @ webpack-internal:///(app-pages-browser)/./node_modules/.pnpm/next@15.5.18_react-dom@19.2.6_react@19.2.6__react@19.2.6/node_modules/next/dist/client/dev/report-hmr-latency.js:13
[ 4341222ms] [LOG] [Fast Refresh] rebuilding @ webpack-internal:///(app-pages-browser)/./node_modules/.pnpm/next@15.5.18_react-dom@19.2.6_react@19.2.6__react@19.2.6/node_modules/next/dist/client/dev/hot-reloader/app/hot-reloader-app.js:196
[ 4341657ms] [LOG] [Fast Refresh] done in 436ms @ webpack-internal:///(app-pages-browser)/./node_modules/.pnpm/next@15.5.18_react-dom@19.2.6_react@19.2.6__react@19.2.6/node_modules/next/dist/client/dev/report-hmr-latency.js:13
[ 4918249ms] [LOG] [Fast Refresh] rebuilding @ webpack-internal:///(app-pages-browser)/./node_modules/.pnpm/next@15.5.18_react-dom@19.2.6_react@19.2.6__react@19.2.6/node_modules/next/dist/client/dev/hot-reloader/app/hot-reloader-app.js:196
[ 4918746ms] [LOG] [Fast Refresh] done in 498ms @ webpack-internal:///(app-pages-browser)/./node_modules/.pnpm/next@15.5.18_react-dom@19.2.6_react@19.2.6__react@19.2.6/node_modules/next/dist/client/dev/report-hmr-latency.js:13
[ 4941282ms] [LOG] [Fast Refresh] rebuilding @ webpack-internal:///(app-pages-browser)/./node_modules/.pnpm/next@15.5.18_react-dom@19.2.6_react@19.2.6__react@19.2.6/node_modules/next/dist/client/dev/hot-reloader/app/hot-reloader-app.js:196
[ 4941576ms] [LOG] [Fast Refresh] done in 295ms @ webpack-internal:///(app-pages-browser)/./node_modules/.pnpm/next@15.5.18_react-dom@19.2.6_react@19.2.6__react@19.2.6/node_modules/next/dist/client/dev/report-hmr-latency.js:13
[ 6873352ms] [INFO] Launched external handler for 'mailto:hi@kicksnare.studio?subject=Free%20audit%20request'. @ http://localhost:3000/case-studies/evoltage:0
[ 6877987ms] [INFO] Launched external handler for 'mailto:hi@kicksnare.studio'. @ http://localhost:3000/case-studies/evoltage:0
[ 6966937ms] [LOG] [Fast Refresh] rebuilding @ webpack-internal:///(app-pages-browser)/./node_modules/.pnpm/next@15.5.18_react-dom@19.2.6_react@19.2.6__react@19.2.6/node_modules/next/dist/client/dev/hot-reloader/app/hot-reloader-app.js:196
[ 6967444ms] [LOG] [Fast Refresh] done in 508ms @ webpack-internal:///(app-pages-browser)/./node_modules/.pnpm/next@15.5.18_react-dom@19.2.6_react@19.2.6__react@19.2.6/node_modules/next/dist/client/dev/report-hmr-latency.js:13
[15983052ms] [INFO] %cDownload the React DevTools for a better development experience: https://react.dev/link/react-devtools font-weight:bold @ webpack-internal:///(app-pages-browser)/./node_modules/.pnpm/next@15.5.18_react-dom@19.2.6_react@19.2.6__react@19.2.6/node_modules/next/dist/compiled/react-dom/cjs/react-dom-client.development.js:25630
[16201945ms] [INFO] Launched external handler for 'mailto:hi@kicksnare.studio'. @ http://localhost:3000/case-studies/evoltage:0
[16271350ms] [LOG] [Fast Refresh] rebuilding @ webpack-internal:///(app-pages-browser)/./node_modules/.pnpm/next@15.5.18_react-dom@19.2.6_react@19.2.6__react@19.2.6/node_modules/next/dist/client/dev/hot-reloader/app/hot-reloader-app.js:196
[16271717ms] [LOG] [Fast Refresh] done in 367ms @ webpack-internal:///(app-pages-browser)/./node_modules/.pnpm/next@15.5.18_react-dom@19.2.6_react@19.2.6__react@19.2.6/node_modules/next/dist/client/dev/report-hmr-latency.js:13
[16543380ms] [LOG] [Fast Refresh] rebuilding @ webpack-internal:///(app-pages-browser)/./node_modules/.pnpm/next@15.5.18_react-dom@19.2.6_react@19.2.6__react@19.2.6/node_modules/next/dist/client/dev/hot-reloader/app/hot-reloader-app.js:196
[16543698ms] [LOG] [Fast Refresh] done in 318ms @ webpack-internal:///(app-pages-browser)/./node_modules/.pnpm/next@15.5.18_react-dom@19.2.6_react@19.2.6__react@19.2.6/node_modules/next/dist/client/dev/report-hmr-latency.js:13
[16557798ms] [LOG] [Fast Refresh] rebuilding @ webpack-internal:///(app-pages-browser)/./node_modules/.pnpm/next@15.5.18_react-dom@19.2.6_react@19.2.6__react@19.2.6/node_modules/next/dist/client/dev/hot-reloader/app/hot-reloader-app.js:196
[16558855ms] [LOG] [Fast Refresh] done in 1056ms @ webpack-internal:///(app-pages-browser)/./node_modules/.pnpm/next@15.5.18_react-dom@19.2.6_react@19.2.6__react@19.2.6/node_modules/next/dist/client/dev/report-hmr-latency.js:13
[16584976ms] [LOG] [Fast Refresh] rebuilding @ webpack-internal:///(app-pages-browser)/./node_modules/.pnpm/next@15.5.18_react-dom@19.2.6_react@19.2.6__react@19.2.6/node_modules/next/dist/client/dev/hot-reloader/app/hot-reloader-app.js:196
[16585709ms] [LOG] [Fast Refresh] done in 732ms @ webpack-internal:///(app-pages-browser)/./node_modules/.pnpm/next@15.5.18_react-dom@19.2.6_react@19.2.6__react@19.2.6/node_modules/next/dist/client/dev/report-hmr-latency.js:13
[16601387ms] [LOG] [Fast Refresh] rebuilding @ webpack-internal:///(app-pages-browser)/./node_modules/.pnpm/next@15.5.18_react-dom@19.2.6_react@19.2.6__react@19.2.6/node_modules/next/dist/client/dev/hot-reloader/app/hot-reloader-app.js:196
[16601613ms] [LOG] [Fast Refresh] done in 225ms @ webpack-internal:///(app-pages-browser)/./node_modules/.pnpm/next@15.5.18_react-dom@19.2.6_react@19.2.6__react@19.2.6/node_modules/next/dist/client/dev/report-hmr-latency.js:13
[16618842ms] [LOG] [Fast Refresh] rebuilding @ webpack-internal:///(app-pages-browser)/./node_modules/.pnpm/next@15.5.18_react-dom@19.2.6_react@19.2.6__react@19.2.6/node_modules/next/dist/client/dev/hot-reloader/app/hot-reloader-app.js:196
[16619025ms] [LOG] [Fast Refresh] done in 182ms @ webpack-internal:///(app-pages-browser)/./node_modules/.pnpm/next@15.5.18_react-dom@19.2.6_react@19.2.6__react@19.2.6/node_modules/next/dist/client/dev/report-hmr-latency.js:13
[16633027ms] [LOG] [Fast Refresh] rebuilding @ webpack-internal:///(app-pages-browser)/./node_modules/.pnpm/next@15.5.18_react-dom@19.2.6_react@19.2.6__react@19.2.6/node_modules/next/dist/client/dev/hot-reloader/app/hot-reloader-app.js:196
[16633302ms] [LOG] [Fast Refresh] done in 275ms @ webpack-internal:///(app-pages-browser)/./node_modules/.pnpm/next@15.5.18_react-dom@19.2.6_react@19.2.6__react@19.2.6/node_modules/next/dist/client/dev/report-hmr-latency.js:13
[16655146ms] [LOG] [Fast Refresh] rebuilding @ webpack-internal:///(app-pages-browser)/./node_modules/.pnpm/next@15.5.18_react-dom@19.2.6_react@19.2.6__react@19.2.6/node_modules/next/dist/client/dev/hot-reloader/app/hot-reloader-app.js:196
[16655323ms] [LOG] [Fast Refresh] done in 177ms @ webpack-internal:///(app-pages-browser)/./node_modules/.pnpm/next@15.5.18_react-dom@19.2.6_react@19.2.6__react@19.2.6/node_modules/next/dist/client/dev/report-hmr-latency.js:13
[16663888ms] [LOG] [Fast Refresh] rebuilding @ webpack-internal:///(app-pages-browser)/./node_modules/.pnpm/next@15.5.18_react-dom@19.2.6_react@19.2.6__react@19.2.6/node_modules/next/dist/client/dev/hot-reloader/app/hot-reloader-app.js:196
[16664050ms] [LOG] [Fast Refresh] done in 163ms @ webpack-internal:///(app-pages-browser)/./node_modules/.pnpm/next@15.5.18_react-dom@19.2.6_react@19.2.6__react@19.2.6/node_modules/next/dist/client/dev/report-hmr-latency.js:13
[16894417ms] [LOG] [Fast Refresh] rebuilding @ webpack-internal:///(app-pages-browser)/./node_modules/.pnpm/next@15.5.18_react-dom@19.2.6_react@19.2.6__react@19.2.6/node_modules/next/dist/client/dev/hot-reloader/app/hot-reloader-app.js:196
[16895121ms] [LOG] [Fast Refresh] done in 703ms @ webpack-internal:///(app-pages-browser)/./node_modules/.pnpm/next@15.5.18_react-dom@19.2.6_react@19.2.6__react@19.2.6/node_modules/next/dist/client/dev/report-hmr-latency.js:13
[19836719ms] [LOG] [Fast Refresh] rebuilding @ webpack-internal:///(app-pages-browser)/./node_modules/.pnpm/next@15.5.18_react-dom@19.2.6_react@19.2.6__react@19.2.6/node_modules/next/dist/client/dev/hot-reloader/app/hot-reloader-app.js:196
[19838437ms] [LOG] [Fast Refresh] done in 1719ms @ webpack-internal:///(app-pages-browser)/./node_modules/.pnpm/next@15.5.18_react-dom@19.2.6_react@19.2.6__react@19.2.6/node_modules/next/dist/client/dev/report-hmr-latency.js:13
[19851062ms] [LOG] [Fast Refresh] rebuilding @ webpack-internal:///(app-pages-browser)/./node_modules/.pnpm/next@15.5.18_react-dom@19.2.6_react@19.2.6__react@19.2.6/node_modules/next/dist/client/dev/hot-reloader/app/hot-reloader-app.js:196
[19851568ms] [LOG] [Fast Refresh] done in 506ms @ webpack-internal:///(app-pages-browser)/./node_modules/.pnpm/next@15.5.18_react-dom@19.2.6_react@19.2.6__react@19.2.6/node_modules/next/dist/client/dev/report-hmr-latency.js:13
[19869458ms] [LOG] [Fast Refresh] rebuilding @ webpack-internal:///(app-pages-browser)/./node_modules/.pnpm/next@15.5.18_react-dom@19.2.6_react@19.2.6__react@19.2.6/node_modules/next/dist/client/dev/hot-reloader/app/hot-reloader-app.js:196
[19869820ms] [LOG] [Fast Refresh] done in 362ms @ webpack-internal:///(app-pages-browser)/./node_modules/.pnpm/next@15.5.18_react-dom@19.2.6_react@19.2.6__react@19.2.6/node_modules/next/dist/client/dev/report-hmr-latency.js:13
[19891283ms] [LOG] [Fast Refresh] rebuilding @ webpack-internal:///(app-pages-browser)/./node_modules/.pnpm/next@15.5.18_react-dom@19.2.6_react@19.2.6__react@19.2.6/node_modules/next/dist/client/dev/hot-reloader/app/hot-reloader-app.js:196
[19891810ms] [LOG] [Fast Refresh] done in 528ms @ webpack-internal:///(app-pages-browser)/./node_modules/.pnpm/next@15.5.18_react-dom@19.2.6_react@19.2.6__react@19.2.6/node_modules/next/dist/client/dev/report-hmr-latency.js:13
[29441133ms] [LOG] [Fast Refresh] rebuilding @ webpack-internal:///(app-pages-browser)/./node_modules/.pnpm/next@15.5.18_react-dom@19.2.6_react@19.2.6__react@19.2.6/node_modules/next/dist/client/dev/hot-reloader/app/hot-reloader-app.js:196
[29442023ms] [LOG] [Fast Refresh] done in 890ms @ webpack-internal:///(app-pages-browser)/./node_modules/.pnpm/next@15.5.18_react-dom@19.2.6_react@19.2.6__react@19.2.6/node_modules/next/dist/client/dev/report-hmr-latency.js:13
[29454698ms] [LOG] [Fast Refresh] rebuilding @ webpack-internal:///(app-pages-browser)/./node_modules/.pnpm/next@15.5.18_react-dom@19.2.6_react@19.2.6__react@19.2.6/node_modules/next/dist/client/dev/hot-reloader/app/hot-reloader-app.js:196
[29455067ms] [LOG] [Fast Refresh] done in 369ms @ webpack-internal:///(app-pages-browser)/./node_modules/.pnpm/next@15.5.18_react-dom@19.2.6_react@19.2.6__react@19.2.6/node_modules/next/dist/client/dev/report-hmr-latency.js:13
[29461506ms] [LOG] [Fast Refresh] rebuilding @ webpack-internal:///(app-pages-browser)/./node_modules/.pnpm/next@15.5.18_react-dom@19.2.6_react@19.2.6__react@19.2.6/node_modules/next/dist/client/dev/hot-reloader/app/hot-reloader-app.js:196
[29461682ms] [LOG] [Fast Refresh] done in 177ms @ webpack-internal:///(app-pages-browser)/./node_modules/.pnpm/next@15.5.18_react-dom@19.2.6_react@19.2.6__react@19.2.6/node_modules/next/dist/client/dev/report-hmr-latency.js:13
[29468600ms] [LOG] [Fast Refresh] rebuilding @ webpack-internal:///(app-pages-browser)/./node_modules/.pnpm/next@15.5.18_react-dom@19.2.6_react@19.2.6__react@19.2.6/node_modules/next/dist/client/dev/hot-reloader/app/hot-reloader-app.js:196
[29468748ms] [LOG] [Fast Refresh] done in 149ms @ webpack-internal:///(app-pages-browser)/./node_modules/.pnpm/next@15.5.18_react-dom@19.2.6_react@19.2.6__react@19.2.6/node_modules/next/dist/client/dev/report-hmr-latency.js:13
[29475352ms] [LOG] [Fast Refresh] rebuilding @ webpack-internal:///(app-pages-browser)/./node_modules/.pnpm/next@15.5.18_react-dom@19.2.6_react@19.2.6__react@19.2.6/node_modules/next/dist/client/dev/hot-reloader/app/hot-reloader-app.js:196
[29475766ms] [LOG] [Fast Refresh] done in 414ms @ webpack-internal:///(app-pages-browser)/./node_modules/.pnpm/next@15.5.18_react-dom@19.2.6_react@19.2.6__react@19.2.6/node_modules/next/dist/client/dev/report-hmr-latency.js:13
[29485669ms] [LOG] [Fast Refresh] rebuilding @ webpack-internal:///(app-pages-browser)/./node_modules/.pnpm/next@15.5.18_react-dom@19.2.6_react@19.2.6__react@19.2.6/node_modules/next/dist/client/dev/hot-reloader/app/hot-reloader-app.js:196
[29486021ms] [LOG] [Fast Refresh] done in 351ms @ webpack-internal:///(app-pages-browser)/./node_modules/.pnpm/next@15.5.18_react-dom@19.2.6_react@19.2.6__react@19.2.6/node_modules/next/dist/client/dev/report-hmr-latency.js:13
[29499981ms] [LOG] [Fast Refresh] rebuilding @ webpack-internal:///(app-pages-browser)/./node_modules/.pnpm/next@15.5.18_react-dom@19.2.6_react@19.2.6__react@19.2.6/node_modules/next/dist/client/dev/hot-reloader/app/hot-reloader-app.js:196
[29501224ms] [LOG] [Fast Refresh] done in 1243ms @ webpack-internal:///(app-pages-browser)/./node_modules/.pnpm/next@15.5.18_react-dom@19.2.6_react@19.2.6__react@19.2.6/node_modules/next/dist/client/dev/report-hmr-latency.js:13
[29520787ms] [LOG] [Fast Refresh] rebuilding @ webpack-internal:///(app-pages-browser)/./node_modules/.pnpm/next@15.5.18_react-dom@19.2.6_react@19.2.6__react@19.2.6/node_modules/next/dist/client/dev/hot-reloader/app/hot-reloader-app.js:196
[29521548ms] [LOG] [Fast Refresh] done in 761ms @ webpack-internal:///(app-pages-browser)/./node_modules/.pnpm/next@15.5.18_react-dom@19.2.6_react@19.2.6__react@19.2.6/node_modules/next/dist/client/dev/report-hmr-latency.js:13
[29528640ms] [LOG] [Fast Refresh] rebuilding @ webpack-internal:///(app-pages-browser)/./node_modules/.pnpm/next@15.5.18_react-dom@19.2.6_react@19.2.6__react@19.2.6/node_modules/next/dist/client/dev/hot-reloader/app/hot-reloader-app.js:196
[29529082ms] [LOG] [Fast Refresh] done in 441ms @ webpack-internal:///(app-pages-browser)/./node_modules/.pnpm/next@15.5.18_react-dom@19.2.6_react@19.2.6__react@19.2.6/node_modules/next/dist/client/dev/report-hmr-latency.js:13
[29543467ms] [LOG] [Fast Refresh] rebuilding @ webpack-internal:///(app-pages-browser)/./node_modules/.pnpm/next@15.5.18_react-dom@19.2.6_react@19.2.6__react@19.2.6/node_modules/next/dist/client/dev/hot-reloader/app/hot-reloader-app.js:196
[29543824ms] [LOG] [Fast Refresh] done in 358ms @ webpack-internal:///(app-pages-browser)/./node_modules/.pnpm/next@15.5.18_react-dom@19.2.6_react@19.2.6__react@19.2.6/node_modules/next/dist/client/dev/report-hmr-latency.js:13
